This is pdfTeX, Version 3.141592653-2.6-1.40.29 (TeX Live 2026/Arch Linux) (preloaded format=pdflatex 2026.5.4)  26 MAY 2026 11:08
entering extended mode
 restricted \write18 enabled.
 %&-line parsing enabled.
**PSI_IO1_Daszewski_Jakubczyk.tex
(./PSI_IO1_Daszewski_Jakubczyk.tex
LaTeX2e <2025-11-01>
L3 programming layer <2026-01-19>
(/usr/share/texmf-dist/tex/latex/base/article.cls
Document Class: article 2025/01/22 v1.4n Standard LaTeX document class
(/usr/share/texmf-dist/tex/latex/base/size10.clo
File: size10.clo 2025/01/22 v1.4n Standard LaTeX file (size option)
)
\c@part=\count275
\c@section=\count276
\c@subsection=\count277
\c@subsubsection=\count278
\c@paragraph=\count279
\c@subparagraph=\count280
\c@figure=\count281
\c@table=\count282
\abovecaptionskip=\skip49
\belowcaptionskip=\skip50
\bibindent=\dimen148
)
(/usr/share/texmf-dist/tex/latex/polski/polski.sty
Package: polski 2021/08/25 v1.3.6 Polish language package

   Switching to Polish text encoding and Polish maths fonts.
(/usr/share/texmf-dist/tex/latex/base/ot4enc.def
File: ot4enc.def 2025/07/18 v2.1d Standard LaTeX file
Now handling font encoding OT4 ...
... no UTF-8 mapping file for font encoding OT4
)
LaTeX Font Info:    Trying to load font information for OT4+cmr on input line 3
62.

(/usr/share/texmf-dist/tex/latex/polski/ot4cmr.fd
File: ot4cmr.fd 2008/02/24 v1.2.1 Font defs for fonts PL (MW)
)
LaTeX Font Info:    Overwriting math alphabet `\mathbf' in version `normal'
(Font)                  OT1/cmr/bx/n --> OT4/cmr/bx/n on input line 362.
LaTeX Font Info:    Overwriting math alphabet `\mathsf' in version `normal'
(Font)                  OT1/cmss/m/n --> OT4/cmss/m/n on input line 362.
LaTeX Font Info:    Overwriting math alphabet `\mathit' in version `normal'
(Font)                  OT1/cmr/m/it --> OT4/cmr/m/it on input line 362.
LaTeX Font Info:    Overwriting math alphabet `\mathtt' in version `normal'
(Font)                  OT1/cmtt/m/n --> OT4/cmtt/m/n on input line 362.
LaTeX Font Info:    Overwriting math alphabet `\mathsf' in version `bold'
(Font)                  OT1/cmss/bx/n --> OT4/cmss/bx/n on input line 362.
LaTeX Font Info:    Overwriting math alphabet `\mathit' in version `bold'
(Font)                  OT1/cmr/bx/it --> OT4/cmr/bx/it on input line 362.
LaTeX Font Info:    Encoding `OT1' has changed to `OT4' for symbol font
(Font)              `operators' in the math version `normal' on input line 362.

LaTeX Font Info:    Overwriting symbol font `operators' in version `normal'
(Font)                  OT1/cmr/m/n --> OT4/cmr/m/n on input line 362.
LaTeX Font Info:    Overwriting symbol font `letters' in version `normal'
(Font)                  OML/cmm/m/it --> OML/plm/m/it on input line 362.
LaTeX Font Info:    Overwriting symbol font `symbols' in version `normal'
(Font)                  OMS/cmsy/m/n --> OMS/plsy/m/n on input line 362.
LaTeX Font Info:    Overwriting symbol font `largesymbols' in version `normal'
(Font)                  OMX/cmex/m/n --> OMX/plex/m/n on input line 362.
LaTeX Font Info:    Encoding `OT1' has changed to `OT4' for symbol font
(Font)              `operators' in the math version `bold' on input line 362.
LaTeX Font Info:    Overwriting symbol font `operators' in version `bold'
(Font)                  OT1/cmr/bx/n --> OT4/cmr/bx/n on input line 362.
LaTeX Font Info:    Overwriting symbol font `letters' in version `bold'
(Font)                  OML/cmm/b/it --> OML/plm/b/it on input line 362.
LaTeX Font Info:    Overwriting symbol font `symbols' in version `bold'
(Font)                  OMS/cmsy/b/n --> OMS/plsy/b/n on input line 362.
)
(/usr/share/texmf-dist/tex/latex/xcolor/xcolor.sty
Package: xcolor 2024/09/29 v3.02 LaTeX color extensions (UK)

(/usr/share/texmf-dist/tex/latex/graphics-cfg/color.cfg
File: color.cfg 2016/01/02 v1.6 sample color configuration
)
Package xcolor Info: Driver file: pdftex.def on input line 274.

(/usr/share/texmf-dist/tex/latex/graphics-def/pdftex.def
File: pdftex.def 2025/09/29 v1.2d Graphics/color driver for pdftex
)
(/usr/share/texmf-dist/tex/latex/graphics/mathcolor.ltx)
Package xcolor Info: Model `cmy' substituted by `cmy0' on input line 1349.
Package xcolor Info: Model `hsb' substituted by `rgb' on input line 1353.
Package xcolor Info: Model `RGB' extended on input line 1365.
Package xcolor Info: Model `HTML' substituted by `rgb' on input line 1367.
Package xcolor Info: Model `Hsb' substituted by `hsb' on input line 1368.
Package xcolor Info: Model `tHsb' substituted by `hsb' on input line 1369.
Package xcolor Info: Model `HSB' substituted by `hsb' on input line 1370.
Package xcolor Info: Model `Gray' substituted by `gray' on input line 1371.
Package xcolor Info: Model `wave' substituted by `hsb' on input line 1372.
)
(/usr/share/texmf-dist/tex/latex/colortbl/colortbl.sty
Package: colortbl 2024/10/29 v1.0k Color table columns (DPC)

(/usr/share/texmf-dist/tex/latex/tools/array.sty
Package: array 2025/09/25 v2.6n Tabular extension package (FMi)
\col@sep=\dimen149
\ar@mcellbox=\box53
\extrarowheight=\dimen150
\NC@list=\toks17
\extratabsurround=\skip51
\backup@length=\skip52
\ar@cellbox=\box54
)
\everycr=\toks18
\minrowclearance=\skip53
\rownum=\count283
)
(/usr/share/texmf-dist/tex/latex/geometry/geometry.sty
Package: geometry 2020/01/02 v5.9 Page Geometry

(/usr/share/texmf-dist/tex/latex/graphics/keyval.sty
Package: keyval 2022/05/29 v1.15 key=value parser (DPC)
\KV@toks@=\toks19
)
(/usr/share/texmf-dist/tex/generic/iftex/ifvtex.sty
Package: ifvtex 2019/10/25 v1.7 ifvtex legacy package. Use iftex instead.

(/usr/share/texmf-dist/tex/generic/iftex/iftex.sty
Package: iftex 2024/12/12 v1.0g TeX engine tests
))
\Gm@cnth=\count284
\Gm@cntv=\count285
\c@Gm@tempcnt=\count286
\Gm@bindingoffset=\dimen151
\Gm@wd@mp=\dimen152
\Gm@odd@mp=\dimen153
\Gm@even@mp=\dimen154
\Gm@layoutwidth=\dimen155
\Gm@layoutheight=\dimen156
\Gm@layouthoffset=\dimen157
\Gm@layoutvoffset=\dimen158
\Gm@dimlist=\toks20
)
(/usr/share/texmf-dist/tex/latex/hyperref/hyperref.sty
Package: hyperref 2026-01-29 v7.01p Hypertext links for LaTeX

(/usr/share/texmf-dist/tex/latex/kvsetkeys/kvsetkeys.sty
Package: kvsetkeys 2022-10-05 v1.19 Key value parser (HO)
)
(/usr/share/texmf-dist/tex/generic/kvdefinekeys/kvdefinekeys.sty
Package: kvdefinekeys 2019-12-19 v1.6 Define keys (HO)
)
(/usr/share/texmf-dist/tex/generic/pdfescape/pdfescape.sty
Package: pdfescape 2019/12/09 v1.15 Implements pdfTeX's escape features (HO)

(/usr/share/texmf-dist/tex/generic/ltxcmds/ltxcmds.sty
Package: ltxcmds 2023-12-04 v1.26 LaTeX kernel commands for general use (HO)
)
(/usr/share/texmf-dist/tex/generic/pdftexcmds/pdftexcmds.sty
Package: pdftexcmds 2020-06-27 v0.33 Utility functions of pdfTeX for LuaTeX (HO
)

(/usr/share/texmf-dist/tex/generic/infwarerr/infwarerr.sty
Package: infwarerr 2019/12/03 v1.5 Providing info/warning/error messages (HO)
)
Package pdftexcmds Info: \pdf@primitive is available.
Package pdftexcmds Info: \pdf@ifprimitive is available.
Package pdftexcmds Info: \pdfdraftmode found.
))
(/usr/share/texmf-dist/tex/latex/hycolor/hycolor.sty
Package: hycolor 2020-01-27 v1.10 Color options for hyperref/bookmark (HO)
)
(/usr/share/texmf-dist/tex/latex/hyperref/nameref.sty
Package: nameref 2026-01-29 v2.58 Cross-referencing by name of section

(/usr/share/texmf-dist/tex/latex/refcount/refcount.sty
Package: refcount 2019/12/15 v3.6 Data extraction from label references (HO)
)
(/usr/share/texmf-dist/tex/generic/gettitlestring/gettitlestring.sty
Package: gettitlestring 2019/12/15 v1.6 Cleanup title references (HO)

(/usr/share/texmf-dist/tex/latex/kvoptions/kvoptions.sty
Package: kvoptions 2022-06-15 v3.15 Key value format for package options (HO)
))
\c@section@level=\count287
)
(/usr/share/texmf-dist/tex/latex/etoolbox/etoolbox.sty
Package: etoolbox 2025/10/02 v2.5m e-TeX tools for LaTeX (JAW)
\etb@tempcnta=\count288
)
(/usr/share/texmf-dist/tex/generic/stringenc/stringenc.sty
Package: stringenc 2019/11/29 v1.12 Convert strings between diff. encodings (HO
)
)
\@linkdim=\dimen159
\Hy@linkcounter=\count289
\Hy@pagecounter=\count290

(/usr/share/texmf-dist/tex/latex/hyperref/pd1enc.def
File: pd1enc.def 2026-01-29 v7.01p Hyperref: PDFDocEncoding definition (HO)
Now handling font encoding PD1 ...
... no UTF-8 mapping file for font encoding PD1
)
(/usr/share/texmf-dist/tex/generic/intcalc/intcalc.sty
Package: intcalc 2019/12/15 v1.3 Expandable calculations with integers (HO)
)
\Hy@SavedSpaceFactor=\count291

(/usr/share/texmf-dist/tex/latex/hyperref/puenc.def
File: puenc.def 2026-01-29 v7.01p Hyperref: PDF Unicode definition (HO)
Now handling font encoding PU ...
... no UTF-8 mapping file for font encoding PU
)
Package hyperref Info: Hyper figures OFF on input line 4201.
Package hyperref Info: Link nesting OFF on input line 4206.
Package hyperref Info: Hyper index ON on input line 4209.
Package hyperref Info: Plain pages OFF on input line 4216.
Package hyperref Info: Backreferencing OFF on input line 4221.
Package hyperref Info: Implicit mode ON; LaTeX internals redefined.
Package hyperref Info: Bookmarks ON on input line 4468.
\c@Hy@tempcnt=\count292

(/usr/share/texmf-dist/tex/latex/url/url.sty
\Urlmuskip=\muskip17
Package: url 2013/09/16  ver 3.4  Verb mode for urls, etc.
)
LaTeX Info: Redefining \url on input line 4807.
\XeTeXLinkMargin=\dimen160

(/usr/share/texmf-dist/tex/generic/bitset/bitset.sty
Package: bitset 2019/12/09 v1.3 Handle bit-vector datatype (HO)

(/usr/share/texmf-dist/tex/generic/bigintcalc/bigintcalc.sty
Package: bigintcalc 2019/12/15 v1.5 Expandable calculations on big integers (HO
)
))
\Fld@menulength=\count293
\Field@Width=\dimen161
\Fld@charsize=\dimen162
Package hyperref Info: Hyper figures OFF on input line 6084.
Package hyperref Info: Link nesting OFF on input line 6089.
Package hyperref Info: Hyper index ON on input line 6092.
Package hyperref Info: backreferencing OFF on input line 6099.
Package hyperref Info: Link coloring OFF on input line 6104.
Package hyperref Info: Link coloring with OCG OFF on input line 6109.
Package hyperref Info: PDF/A mode OFF on input line 6114.
\Hy@abspage=\count294
\c@Item=\count295
\c@Hfootnote=\count296
)
Package hyperref Info: Driver (autodetected): hpdftex.

(/usr/share/texmf-dist/tex/latex/hyperref/hpdftex.def
File: hpdftex.def 2026-01-29 v7.01p Hyperref driver for pdfTeX
\Fld@listcount=\count297
\c@bookmark@seq@number=\count298

(/usr/share/texmf-dist/tex/latex/rerunfilecheck/rerunfilecheck.sty
Package: rerunfilecheck 2025-06-21 v1.11 Rerun checks for auxiliary files (HO)

(/usr/share/texmf-dist/tex/generic/uniquecounter/uniquecounter.sty
Package: uniquecounter 2019/12/15 v1.4 Provide unlimited unique counter (HO)
)
Package uniquecounter Info: New unique counter `rerunfilecheck' on input line 2
84.
)
\Hy@SectionHShift=\skip54
)
(/usr/share/texmf-dist/tex/latex/fancyhdr/fancyhdr.sty
Package: fancyhdr 2025/02/07 v5.2 Extensive control of page headers and footers

\f@nch@headwidth=\skip55
\f@nch@offset@elh=\skip56
\f@nch@offset@erh=\skip57
\f@nch@offset@olh=\skip58
\f@nch@offset@orh=\skip59
\f@nch@offset@elf=\skip60
\f@nch@offset@erf=\skip61
\f@nch@offset@olf=\skip62
\f@nch@offset@orf=\skip63
\f@nch@height=\skip64
\f@nch@footalignment=\skip65
\f@nch@widthL=\skip66
\f@nch@widthC=\skip67
\f@nch@widthR=\skip68
\@temptokenb=\toks21
)
(/usr/share/texmf-dist/tex/latex/l3backend/l3backend-pdftex.def
File: l3backend-pdftex.def 2025-10-09 L3 backend support: PDF output (pdfTeX)
\l__color_backend_stack_int=\count299
)
(./PSI_IO1_Daszewski_Jakubczyk.aux)
\openout1 = `PSI_IO1_Daszewski_Jakubczyk.aux'.

LaTeX Font Info:    Checking defaults for OML/cmm/m/it on input line 11.
LaTeX Font Info:    ... okay on input line 11.
LaTeX Font Info:    Checking defaults for OMS/cmsy/m/n on input line 11.
LaTeX Font Info:    ... okay on input line 11.
LaTeX Font Info:    Checking defaults for OT1/cmr/m/n on input line 11.
LaTeX Font Info:    ... okay on input line 11.
LaTeX Font Info:    Checking defaults for T1/cmr/m/n on input line 11.
LaTeX Font Info:    ... okay on input line 11.
LaTeX Font Info:    Checking defaults for TS1/cmr/m/n on input line 11.
LaTeX Font Info:    ... okay on input line 11.
LaTeX Font Info:    Checking defaults for OMX/cmex/m/n on input line 11.
LaTeX Font Info:    ... okay on input line 11.
LaTeX Font Info:    Checking defaults for U/cmr/m/n on input line 11.
LaTeX Font Info:    ... okay on input line 11.
LaTeX Font Info:    Checking defaults for OT4/cmr/m/n on input line 11.
LaTeX Font Info:    ... okay on input line 11.
LaTeX Font Info:    Checking defaults for PD1/pdf/m/n on input line 11.
LaTeX Font Info:    ... okay on input line 11.
LaTeX Font Info:    Checking defaults for PU/pdf/m/n on input line 11.
LaTeX Font Info:    ... okay on input line 11.

(/usr/share/texmf-dist/tex/context/base/mkii/supp-pdf.mkii
[Loading MPS to PDF converter (version 2006.09.02).]
\scratchcounter=\count300
\scratchdimen=\dimen163
\scratchbox=\box55
\nofMPsegments=\count301
\nofMParguments=\count302
\everyMPshowfont=\toks22
\MPscratchCnt=\count303
\MPscratchDim=\dimen164
\MPnumerator=\count304
\makeMPintoPDFobject=\count305
\everyMPtoPDFconversion=\toks23
)
*geometry* driver: auto-detecting
*geometry* detected driver: pdftex
*geometry* verbose mode - [ preamble ] result:
* driver: pdftex
* paper: a4paper
* layout: <same size as paper>
* layoutoffset:(h,v)=(0.0pt,0.0pt)
* modes: 
* h-part:(L,W,R)=(72.26999pt, 452.9679pt, 72.26999pt)
* v-part:(T,H,B)=(72.26999pt, 700.50687pt, 72.26999pt)
* \paperwidth=597.50787pt
* \paperheight=845.04684pt
* \textwidth=452.9679pt
* \textheight=700.50687pt
* \oddsidemargin=0.0pt
* \evensidemargin=0.0pt
* \topmargin=-37.0pt
* \headheight=12.0pt
* \headsep=25.0pt
* \topskip=10.0pt
* \footskip=30.0pt
* \marginparwidth=65.0pt
* \marginparsep=11.0pt
* \columnsep=10.0pt
* \skip\footins=9.0pt plus 4.0pt minus 2.0pt
* \hoffset=0.0pt
* \voffset=0.0pt
* \mag=1000
* \@twocolumnfalse
* \@twosidefalse
* \@mparswitchfalse
* \@reversemarginfalse
* (1in=72.27pt=25.4mm, 1cm=28.453pt)

Package hyperref Info: Link coloring OFF on input line 11.
(./PSI_IO1_Daszewski_Jakubczyk.out) (./PSI_IO1_Daszewski_Jakubczyk.out)
\@outlinefile=\write3
\openout3 = `PSI_IO1_Daszewski_Jakubczyk.out'.

LaTeX Font Info:    Trying to load font information for OML+plm on input line 1
5.

(/usr/share/texmf-dist/tex/latex/polski/omlplm.fd
File: omlplm.fd 2008/02/24 v1.2.1 Font defs for fonts PL (MW)
)
LaTeX Font Info:    Trying to load font information for OMS+plsy on input line 
15.

(/usr/share/texmf-dist/tex/latex/polski/omsplsy.fd
File: omsplsy.fd 2008/02/24 v1.2.1 Font defs for fonts PL (MW)
)
LaTeX Font Info:    Trying to load font information for OMX+plex on input line 
15.

(/usr/share/texmf-dist/tex/latex/polski/omxplex.fd
File: omxplex.fd 2008/02/24 v1.2.1 Font defs for fonts PL (MW)
)
LaTeX Font Info:    External font `plex10' loaded for size
(Font)              <12> on input line 15.
LaTeX Font Info:    External font `plex10' loaded for size
(Font)              <8> on input line 15.
LaTeX Font Info:    External font `plex10' loaded for size
(Font)              <6> on input line 15.
 [1

{/var/lib/texmf/fonts/map/pdftex/updmap/pdftex.map}{/usr/share/texmf-dist/fonts
/enc/dvips/pl/plrm.enc}]
(./PSI_IO1_Daszewski_Jakubczyk.toc)
\tf@toc=\write4
\openout4 = `PSI_IO1_Daszewski_Jakubczyk.toc'.



Package fancyhdr Warning: \headheight is too small (12.0pt): 
(fancyhdr)                Make it at least 12.70187pt, for example:
(fancyhdr)                \setlength{\headheight}{12.70187pt}.
(fancyhdr)                You might also make \topmargin smaller:
(fancyhdr)                \addtolength{\topmargin}{-0.70187pt}.


pdfTeX warning (ext4): destination with the same identifier (name{page.1}) has 
been already used, duplicate ignored
<to be read again> 
                   \relax 
l.23 	\newpage
               [1]
LaTeX Font Info:    External font `plex10' loaded for size
(Font)              <10> on input line 41.
LaTeX Font Info:    External font `plex10' loaded for size
(Font)              <7> on input line 41.
LaTeX Font Info:    External font `plex10' loaded for size
(Font)              <5> on input line 41.

Underfull \hbox (badness 10000) in paragraph at lines 45--45
[]|\OT4/cmr/m/n/10 Rejestracja
 []


Underfull \hbox (badness 1014) in paragraph at lines 45--46
[]|\OT4/cmr/m/n/10 Dane Pa-cjen-ta,
 []


Underfull \hbox (badness 1527) in paragraph at lines 45--46
\OT4/cmr/m/n/10 In-for-ma-cje me-
 []


Underfull \hbox (badness 10000) in paragraph at lines 47--47
[]|\OT4/cmr/m/n/10 Sprawdzanie
 []


Overfull \hbox (7.0327pt too wide) in paragraph at lines 41--50
[] 
 []

[2]
Underfull \hbox (badness 1558) in paragraph at lines 60--60
[]|\OT4/cmr/m/n/10 Zakup no-we-
 []


Underfull \hbox (badness 1320) in paragraph at lines 60--60
[]|\OT4/cmr/m/n/10 Producent Wy-po-sa-»e-
 []


Underfull \hbox (badness 10000) in paragraph at lines 64--64
[]|\OT4/cmr/m/n/10 Okresowy
 []


Underfull \hbox (badness 10000) in paragraph at lines 64--64
\OT4/cmr/m/n/10 prze-glˇd
 []


Underfull \hbox (badness 6236) in paragraph at lines 64--65
[]|\OT4/cmr/m/n/10 Karta prze-glˇ-
 []


Underfull \hbox (badness 10000) in paragraph at lines 66--66
[]|\OT4/cmr/m/n/10 Rezerwacja
 []


Underfull \hbox (badness 10000) in paragraph at lines 66--67
[]|\OT4/cmr/m/n/10 Kalendarz
 []


Underfull \hbox (badness 10000) in paragraph at lines 68--68
[]|\OT4/cmr/m/n/10 Naprawa
 []


Underfull \hbox (badness 10000) in paragraph at lines 68--68
\OT4/cmr/m/n/10 ze-psu-te-go
 []


Overfull \hbox (7.0327pt too wide) in paragraph at lines 56--71
[] 
 []

[3]
Underfull \hbox (badness 1527) in paragraph at lines 83--84
[]|\OT4/cmr/m/n/10 Informacje me-
 []


Underfull \hbox (badness 10000) in paragraph at lines 85--85
[]|\OT4/cmr/m/n/10 Wystawienie
 []


Underfull \hbox (badness 10000) in paragraph at lines 87--87
[]|\OT4/cmr/m/n/10 Wystawianie
 []


Overfull \hbox (7.0327pt too wide) in paragraph at lines 79--91
 [] 
 []

[4]
LaTeX Font Info:    Trying to load font information for OT4+cmtt on input line 
96.
 (/usr/share/texmf-dist/tex/latex/polski/ot4cmtt.fd
File: ot4cmtt.fd 2008/02/24 v1.2.1 Font defs for fonts PL (MW)
) [5{/usr/share/texmf-dist/fonts/enc/dvips/pl/pltt.enc}{/usr/share/texmf-dist/f
onts/enc/dvips/cm-super/cm-super-ts1.enc}] [6]
Underfull \hbox (badness 10000) in paragraph at lines 193--193
[]|\OT4/cmr/bx/n/10 GŞówny prze-pŞyw
 []


Underfull \hbox (badness 10000) in paragraph at lines 220--220
[]|\OT4/cmr/bx/n/10 GŞówny prze-pŞyw
 []


Underfull \hbox (badness 10000) in paragraph at lines 251--251
[]|\OT4/cmr/bx/n/10 GŞówny prze-pŞyw
 []

[7]
Underfull \hbox (badness 10000) in paragraph at lines 287--287
[]|\OT4/cmr/bx/n/10 GŞówny prze-pŞyw
 []


Underfull \hbox (badness 10000) in paragraph at lines 321--321
[]|\OT4/cmr/bx/n/10 GŞówny prze-pŞyw
 []

[8]
Underfull \hbox (badness 10000) in paragraph at lines 354--354
[]|\OT4/cmr/bx/n/10 GŞówny prze-pŞyw
 []


Underfull \hbox (badness 10000) in paragraph at lines 387--387
[]|\OT4/cmr/bx/n/10 GŞówny prze-pŞyw
 []

[9]
Underfull \hbox (badness 10000) in paragraph at lines 427--427
[]|\OT4/cmr/m/n/10 Alternatywny prze-
 []


Underfull \hbox (badness 10000) in paragraph at lines 458--458
[]|\OT4/cmr/m/n/10 Alternatywny prze-
 []


Underfull \hbox (badness 10000) in paragraph at lines 489--489
[]|\OT4/cmr/m/n/10 Alternatywny prze-
 []

[10]
Underfull \hbox (badness 10000) in paragraph at lines 519--519
[]|\OT4/cmr/m/n/10 Alternatywny prze-
 []

[11] [12] [13] [14] [15] [16] [17] (./PSI_IO1_Daszewski_Jakubczyk.aux)
 ***********
LaTeX2e <2025-11-01>
L3 programming layer <2026-01-19>
 ***********
Package rerunfilecheck Info: File `PSI_IO1_Daszewski_Jakubczyk.out' has not cha
nged.
(rerunfilecheck)             Checksum: A7ED531548E0A68FAB127D079C50B6D7;1426.
 ) 
Here is how much of TeX's memory you used:
 9882 strings out of 469480
 150907 string characters out of 5470004
 591459 words of memory out of 5000000
 38357 multiletter control sequences out of 15000+600000
 638544 words of font info for 67 fonts, out of 8000000 for 9000
 34 hyphenation exceptions out of 8191
 75i,11n,83p,369b,599s stack positions out of 10000i,1000n,20000p,200000b,200000s
</usr/share/texmf-dist/fonts/type1/public/pl/plbx10.pfb></usr/share/texmf-dis
t/fonts/type1/public/pl/plbx12.pfb></usr/share/texmf-dist/fonts/type1/public/pl
/plr10.pfb></usr/share/texmf-dist/fonts/type1/public/pl/plr12.pfb></usr/share/t
exmf-dist/fonts/type1/public/pl/plr17.pfb></usr/share/texmf-dist/fonts/type1/pu
blic/pl/plsl10.pfb></usr/share/texmf-dist/fonts/type1/public/pl/pltt10.pfb></us
r/share/texmf-dist/fonts/type1/public/cm-super/sfrm1000.pfb>
Output written on PSI_IO1_Daszewski_Jakubczyk.pdf (18 pages, 106514 bytes).
PDF statistics:
 232 PDF objects out of 1000 (max. 8388607)
 194 compressed objects within 2 object streams
 71 named destinations out of 1000 (max. 500000)
 73 words of extra memory for PDF output out of 10000 (max. 10000000)

